<?xml version="1.0" encoding="UTF-8"?>
<testng-results ignored="0" total="1" passed="1" failed="0" skipped="0">
  <reporter-output>
  </reporter-output>
  <suite started-at="2022-10-27T19:21:26 IST" name="Sample Report Test suite" finished-at="2022-10-27T19:21:49 IST" duration-ms="23062">
    <groups>
    </groups>
    <test started-at="2022-10-27T19:21:26 IST" name="Reports Page tests" finished-at="2022-10-27T19:21:49 IST" duration-ms="23062">
      <class name="Reports.Reports">
        <test-method is-config="true" signature="setup()[pri:0, instance:Reports.Reports@20011bf]" started-at="2022-10-27T19:21:13 IST" name="setup" finished-at="2022-10-27T19:21:26 IST" duration-ms="13106" status="PASS">
          <reporter-output>
          </reporter-output>
        </test-method> <!-- setup -->
        <test-method is-config="true" signature="login()[pri:0, instance:Reports.Reports@20011bf]" started-at="2022-10-27T19:21:26 IST" name="login" finished-at="2022-10-27T19:21:32 IST" duration-ms="6500" status="PASS">
          <reporter-output>
          </reporter-output>
        </test-method> <!-- login -->
        <test-method signature="navigateToReports()[pri:0, instance:Reports.Reports@20011bf]" started-at="2022-10-27T19:21:32 IST" name="navigateToReports" finished-at="2022-10-27T19:21:46 IST" duration-ms="13389" status="PASS">
          <reporter-output>
          </reporter-output>
        </test-method> <!-- navigateToReports -->
        <test-method is-config="true" signature="quit()[pri:0, instance:Reports.Reports@20011bf]" started-at="2022-10-27T19:21:46 IST" name="quit" finished-at="2022-10-27T19:21:49 IST" duration-ms="2516" status="PASS">
          <reporter-output>
          </reporter-output>
        </test-method> <!-- quit -->
      </class> <!-- Reports.Reports -->
    </test> <!-- Reports Page tests -->
  </suite> <!-- Sample Report Test suite -->
</testng-results>
